[debug] [2018-03-01T16:24:48.891Z] ----------------------------------------------------------------------
[debug] [2018-03-01T16:24:48.894Z] Command:       /usr/local/bin/node /usr/local/bin/firebase deploy
[debug] [2018-03-01T16:24:48.894Z] CLI Version:   3.16.0
[debug] [2018-03-01T16:24:48.894Z] Platform:      darwin
[debug] [2018-03-01T16:24:48.895Z] Node Version:  v6.11.3
[debug] [2018-03-01T16:24:48.895Z] Time:          Thu Mar 01 2018 17:24:48 GMT+0100 (CET)
[debug] [2018-03-01T16:24:48.895Z] ----------------------------------------------------------------------
[debug] 
[debug] [2018-03-01T16:24:48.906Z] > command requires scopes: ["email","openid","https://www.googleapis.com/auth/cloudplatformprojects.readonly","https://www.googleapis.com/auth/firebase","https://www.googleapis.com/auth/cloud-platform"]
[debug] [2018-03-01T16:24:48.906Z] > authorizing via signed-in user
[debug] [2018-03-01T16:24:48.908Z] >>> HTTP REQUEST GET https://admin.firebase.com/v1/projects/chat-v2-dev  
  
 Thu Mar 01 2018 17:24:48 GMT+0100 (CET)
[debug] [2018-03-01T16:24:49.775Z] <<< HTTP RESPONSE 200
[debug] [2018-03-01T16:24:49.777Z] >>> HTTP REQUEST GET https://admin.firebase.com/v1/database/chat-v2-dev/tokens  
  
 Thu Mar 01 2018 17:24:49 GMT+0100 (CET)
[debug] [2018-03-01T16:24:50.597Z] <<< HTTP RESPONSE 200
[info] 
[info] === Deploying to 'chat-v2-dev'...
[info] 
[info] i  deploying database, functions
[info] i  database: checking rules syntax...
[debug] [2018-03-01T16:24:51.404Z] >>> HTTP REQUEST PUT https://chat-v2-dev.firebaseio.com/.settings/rules.json?dryRun=true  
 
{
    "rules": {
      "apps": {
        "$app_id": {
          "contacts": {
            ".read": "auth != null",
            "$uid":{
                ".write": "$uid === auth.uid"
            }
          },
          "groups":{
            ".read": false,
            ".write": "auth != null",
            "$group_id":{
                ".validate":"newData.hasChildren(['name','members', 'owner'])"
            }
          },
          "presence": {
            ".read": "auth != null",
            "$uid":{
                ".write": "$uid === auth.uid"
            }
        },
          "users":{
            "$uid":{
                ".read": "$uid === auth.uid",
                ".write": "$uid === auth.uid",
                "messages" : {
                  "$message_id":{
                    ".validate": "(!newData.hasChildren(['status']) || ( newData.hasChildren(['status']) && newData.child('status').isNumber() && newData.child('status').val()==200) )"
                    //   ".validate": "(newData.hasChildren(['sender', 'recipient']) || newData.hasChildren(['sender', 'recipient','status']) || ( newData.hasChildren(['status']) && newData.hasChildren(['sender','recipient'])==false ) )",
                    //     "sender": { ".validate": "newData.isString() && newData.val().length > 0" },
                    //     "recipient": { ".validate": "newData.isString() && newData.val().length > 0" },
                    //     "status": { ".validate":"newData.val()==null || newData.isNumber() && newData.val()==200"}
                    }      
                }
            }
          }
        }	
      }
    }
  } 
 Thu Mar 01 2018 17:24:51 GMT+0100 (CET)
[debug] [2018-03-01T16:24:53.646Z] <<< HTTP RESPONSE 200
[info] ✔  database: rules syntax for database chat-v2-dev is valid
[debug] [2018-03-01T16:24:53.648Z] > [functions] package.json contents: {
  "name": "functions",
  "description": "Cloud Functions for Firebase",
  "scripts": {
    "serve": "firebase serve --only functions",
    "shell": "firebase experimental:functions:shell",
    "start": "npm run shell",
    "deploy": "firebase deploy --only functions",
    "logs": "firebase functions:log"
  },
  "dependencies": {
    "firebase-admin": "~5.5.0",
    "firebase-functions": "^0.7.1",
    "request-promise": "^2.0.0",
    "html-entities": "1.2.1",
    "cors": "^2.8.1",
    "express": "^4.15.2",
    "nodemailer": "^4.0.1",
    "moment": "^2.19.1"
  },
  "private": true
}
[info] i  functions: ensuring necessary APIs are enabled...
[debug] [2018-03-01T16:24:53.650Z] >>> HTTP REQUEST GET https://servicemanagement.googleapis.com/v1/services/cloudfunctions.googleapis.com/projectSettings/chat-v2-dev?view=CONSUMER_VIEW  
  
 Thu Mar 01 2018 17:24:53 GMT+0100 (CET)
[debug] [2018-03-01T16:24:53.650Z] >>> HTTP REQUEST GET https://servicemanagement.googleapis.com/v1/services/runtimeconfig.googleapis.com/projectSettings/chat-v2-dev?view=CONSUMER_VIEW  
  
 Thu Mar 01 2018 17:24:53 GMT+0100 (CET)
[debug] [2018-03-01T16:24:55.366Z] <<< HTTP RESPONSE 200
[debug] [2018-03-01T16:24:55.443Z] <<< HTTP RESPONSE 200
[info] ✔  functions: all necessary APIs are enabled
[debug] [2018-03-01T16:24:55.444Z] >>> HTTP REQUEST GET https://appengine.googleapis.com/v1/apps/chat-v2-dev  
  
 Thu Mar 01 2018 17:24:55 GMT+0100 (CET)
[debug] [2018-03-01T16:24:55.444Z] >>> HTTP REQUEST GET https://apikeys.googleapis.com/v1/projects/chat-v2-dev/apiKeys  
  
 Thu Mar 01 2018 17:24:55 GMT+0100 (CET)
[debug] [2018-03-01T16:24:56.379Z] <<< HTTP RESPONSE 200
[debug] [2018-03-01T16:24:56.440Z] <<< HTTP RESPONSE 200
